2022.05.29 15:24:31 INFO  tracing is disabled for protocol LSP, to enable tracing of incoming and outgoing JSON messages create an empty file at /Users/ralphtq/git-tq/uml-shacl-transformers/.metals/lsp.trace.json or /Users/ralphtq/Library/Caches/org.scalameta.metals/lsp.trace.json
2022.05.29 15:24:32 INFO  logging to file /Users/ralphtq/git-tq/uml-shacl-transformers/.metals/metals.log
2022.05.29 15:24:32 INFO  Started: Metals version 0.11.5 in workspace '/Users/ralphtq/git-tq/uml-shacl-transformers' for client Visual Studio Code 1.65.2.
2022.05.29 15:24:37 INFO  time: initialize in 5.39s
2022.05.29 15:24:37 WARN  Flyway upgrade recommended: H2 2.1.212 is newer than this version of Flyway and support has not been tested. The latest supported version of H2 is 2.1.210.
2022.05.29 15:24:37 WARN  Build server is not auto-connectable.
2022.06.07 15:56:44 INFO  shutting down Metals
2022.06.11 17:25:45 INFO  tracing is disabled for protocol LSP, to enable tracing of incoming and outgoing JSON messages create an empty file at /Users/ralphtq/git-ralphtq/EDG-Importers/schema-builder/.metals/lsp.trace.json or /Users/ralphtq/Library/Caches/org.scalameta.metals/lsp.trace.json
2022.06.11 17:25:46 INFO  logging to file /Users/ralphtq/git-ralphtq/EDG-Importers/schema-builder/.metals/metals.log
2022.06.11 17:25:46 INFO  Started: Metals version 0.11.6 in workspace '/Users/ralphtq/git-ralphtq/EDG-Importers/schema-builder' for client Visual Studio Code 1.65.2.
2022.06.11 17:25:47 INFO  time: initialize in 1.03s
2022.06.11 17:25:47 WARN  Flyway upgrade recommended: H2 2.1.212 is newer than this version of Flyway and support has not been tested. The latest supported version of H2 is 2.1.210.
2022.06.11 17:25:47 WARN  Build server is not auto-connectable.
2022.06.11 17:28:12 INFO  shutting down Metals
2022.06.11 17:28:12 ERROR Unexpected error initializing server
org.eclipse.lsp4j.jsonrpc.ResponseErrorException: Request window/showMessageRequest failed with message: Canceled
	at org.eclipse.lsp4j.jsonrpc.RemoteEndpoint.handleResponse(RemoteEndpoint.java:209)
	at org.eclipse.lsp4j.jsonrpc.RemoteEndpoint.consume(RemoteEndpoint.java:193)
	at org.eclipse.lsp4j.jsonrpc.json.StreamMessageProducer.handleMessage(StreamMessageProducer.java:194)
	at org.eclipse.lsp4j.jsonrpc.json.StreamMessageProducer.listen(StreamMessageProducer.java:94)
	at org.eclipse.lsp4j.jsonrpc.json.ConcurrentMessageProcessor.run(ConcurrentMessageProcessor.java:113)
	at java.util.concurrent.Executors$RunnableAdapter.call(Executors.java:515)
	at java.util.concurrent.FutureTask.run(FutureTask.java:264)
	at java.util.concurrent.ThreadPoolExecutor.runWorker(ThreadPoolExecutor.java:1128)
	at java.util.concurrent.ThreadPoolExecutor$Worker.run(ThreadPoolExecutor.java:628)
	at java.lang.Thread.run(Thread.java:829)

2022.06.11 18:21:02 INFO  tracing is disabled for protocol LSP, to enable tracing of incoming and outgoing JSON messages create an empty file at /Users/ralphtq/git-ralphtq/uml-shacl-transformers/.metals/lsp.trace.json or /Users/ralphtq/Library/Caches/org.scalameta.metals/lsp.trace.json
2022.06.11 18:21:02 INFO  logging to file /Users/ralphtq/git-ralphtq/uml-shacl-transformers/.metals/metals.log
2022.06.11 18:21:02 INFO  Started: Metals version 0.11.6 in workspace '/Users/ralphtq/git-ralphtq/uml-shacl-transformers' for client Visual Studio Code 1.65.2.
2022.06.11 18:21:03 INFO  time: initialize in 1.01s
2022.06.11 18:21:04 WARN  Flyway upgrade recommended: H2 2.1.212 is newer than this version of Flyway and support has not been tested. The latest supported version of H2 is 2.1.210.
2022.06.11 18:21:04 WARN  Build server is not auto-connectable.
2022.06.11 18:21:46 INFO  shutting down Metals
2022.06.11 18:21:46 ERROR Unexpected error initializing server
org.eclipse.lsp4j.jsonrpc.ResponseErrorException: Request window/showMessageRequest failed with message: Canceled
	at org.eclipse.lsp4j.jsonrpc.RemoteEndpoint.handleResponse(RemoteEndpoint.java:209)
	at org.eclipse.lsp4j.jsonrpc.RemoteEndpoint.consume(RemoteEndpoint.java:193)
	at org.eclipse.lsp4j.jsonrpc.json.StreamMessageProducer.handleMessage(StreamMessageProducer.java:194)
	at org.eclipse.lsp4j.jsonrpc.json.StreamMessageProducer.listen(StreamMessageProducer.java:94)
	at org.eclipse.lsp4j.jsonrpc.json.ConcurrentMessageProcessor.run(ConcurrentMessageProcessor.java:113)
	at java.util.concurrent.Executors$RunnableAdapter.call(Executors.java:515)
	at java.util.concurrent.FutureTask.run(FutureTask.java:264)
	at java.util.concurrent.ThreadPoolExecutor.runWorker(ThreadPoolExecutor.java:1128)
	at java.util.concurrent.ThreadPoolExecutor$Worker.run(ThreadPoolExecutor.java:628)
	at java.lang.Thread.run(Thread.java:829)

